This is pdfTeX, Version 3.141592653-2.6-1.40.25 (MiKTeX 24.1) (preloaded format=pdflatex 2024.9.22)  23 SEP 2024 00:44
entering extended mode
 restricted \write18 enabled.
 %&-line parsing enabled.
**./Engine_Design_Document.tex
(Engine_Design_Document.tex
LaTeX2e <2023-11-01> patch level 1
L3 programming layer <2024-01-04>
(C:\Users\coope\AppData\Local\Programs\MiKTeX\tex/latex/base\article.cls
Document Class: article 2023/05/17 v1.4n Standard LaTeX document class
(C:\Users\coope\AppData\Local\Programs\MiKTeX\tex/latex/base\size12.clo
File: size12.clo 2023/05/17 v1.4n Standard LaTeX file (size option)
)
\c@part=\count187
\c@section=\count188
\c@subsection=\count189
\c@subsubsection=\count190
\c@paragraph=\count191
\c@subparagraph=\count192
\c@figure=\count193
\c@table=\count194
\abovecaptionskip=\skip48
\belowcaptionskip=\skip49
\bibindent=\dimen140
)
(C:\Users\coope\AppData\Local\Programs\MiKTeX\tex/latex/graphics\graphicx.sty
Package: graphicx 2021/09/16 v1.2d Enhanced LaTeX Graphics (DPC,SPQR)

(C:\Users\coope\AppData\Local\Programs\MiKTeX\tex/latex/graphics\keyval.sty
Package: keyval 2022/05/29 v1.15 key=value parser (DPC)
\KV@toks@=\toks17
)
(C:\Users\coope\AppData\Local\Programs\MiKTeX\tex/latex/graphics\graphics.sty
Package: graphics 2022/03/10 v1.4e Standard LaTeX Graphics (DPC,SPQR)

(C:\Users\coope\AppData\Local\Programs\MiKTeX\tex/latex/graphics\trig.sty
Package: trig 2021/08/11 v1.11 sin cos tan (DPC)
)
(C:\Users\coope\AppData\Local\Programs\MiKTeX\tex/latex/graphics-cfg\graphics.c
fg
File: graphics.cfg 2016/06/04 v1.11 sample graphics configuration
)
Package graphics Info: Driver file: pdftex.def on input line 107.

(C:\Users\coope\AppData\Local\Programs\MiKTeX\tex/latex/graphics-def\pdftex.def
File: pdftex.def 2022/09/22 v1.2b Graphics/color driver for pdftex
))
\Gin@req@height=\dimen141
\Gin@req@width=\dimen142
) (C:\Users\coope\AppData\Local\Programs\MiKTeX\tex/latex/lipsum\lipsum.sty
(C:\Users\coope\AppData\Local\Programs\MiKTeX\tex/latex/l3packages/l3keys2e\l3k
eys2e.sty
(C:\Users\coope\AppData\Local\Programs\MiKTeX\tex/latex/l3kernel\expl3.sty
Package: expl3 2024-01-04 L3 programming layer (loader) 

(C:\Users\coope\AppData\Local\Programs\MiKTeX\tex/latex/l3backend\l3backend-pdf
tex.def
File: l3backend-pdftex.def 2024-01-04 L3 backend support: PDF output (pdfTeX)
\l__color_backend_stack_int=\count195
\l__pdf_internal_box=\box51
))
Package: l3keys2e 2023-10-10 LaTeX2e option processing using LaTeX3 keys
)
Package: lipsum 2021-09-20 v2.7 150 paragraphs of Lorem Ipsum dummy text
\g__lipsum_par_int=\count196
\l__lipsum_a_int=\count197
\l__lipsum_b_int=\count198

(C:\Users\coope\AppData\Local\Programs\MiKTeX\tex/latex/lipsum\lipsum.ltd.tex))
(C:\Users\coope\AppData\Local\Programs\MiKTeX\tex/latex/float\float.sty
Package: float 2001/11/08 v1.3d Float enhancements (AL)
\c@float@type=\count199
\float@exts=\toks18
\float@box=\box52
\@float@everytoks=\toks19
\@floatcapt=\box53
)
(Engine_Design_Document.aux)
\openout1 = `Engine_Design_Document.aux'.

LaTeX Font Info:    Checking defaults for OML/cmm/m/it on input line 18.
LaTeX Font Info:    ... okay on input line 18.
LaTeX Font Info:    Checking defaults for OMS/cmsy/m/n on input line 18.
LaTeX Font Info:    ... okay on input line 18.
LaTeX Font Info:    Checking defaults for OT1/cmr/m/n on input line 18.
LaTeX Font Info:    ... okay on input line 18.
LaTeX Font Info:    Checking defaults for T1/cmr/m/n on input line 18.
LaTeX Font Info:    ... okay on input line 18.
LaTeX Font Info:    Checking defaults for TS1/cmr/m/n on input line 18.
LaTeX Font Info:    ... okay on input line 18.
LaTeX Font Info:    Checking defaults for OMX/cmex/m/n on input line 18.
LaTeX Font Info:    ... okay on input line 18.
LaTeX Font Info:    Checking defaults for U/cmr/m/n on input line 18.
LaTeX Font Info:    ... okay on input line 18.

(C:\Users\coope\AppData\Local\Programs\MiKTeX\tex/context/base/mkii\supp-pdf.mk
ii
[Loading MPS to PDF converter (version 2006.09.02).]
\scratchcounter=\count266
\scratchdimen=\dimen143
\scratchbox=\box54
\nofMPsegments=\count267
\nofMParguments=\count268
\everyMPshowfont=\toks20
\MPscratchCnt=\count269
\MPscratchDim=\dimen144
\MPnumerator=\count270
\makeMPintoPDFobject=\count271
\everyMPtoPDFconversion=\toks21
)
(C:\Users\coope\AppData\Local\Programs\MiKTeX\tex/latex/epstopdf-pkg\epstopdf-b
ase.sty
Package: epstopdf-base 2020-01-24 v2.11 Base part for package epstopdf
Package epstopdf-base Info: Redefining graphics rule for `.eps' on input line 4
85.

(C:\Users\coope\AppData\Local\Programs\MiKTeX\tex/latex/00miktex\epstopdf-sys.c
fg
File: epstopdf-sys.cfg 2021/03/18 v2.0 Configuration of epstopdf for MiKTeX
))
LaTeX Font Info:    External font `cmex10' loaded for size
(Font)              <14.4> on input line 19.
LaTeX Font Info:    External font `cmex10' loaded for size
(Font)              <7> on input line 19.
 (Engine_Design_Document.toc
LaTeX Font Info:    External font `cmex10' loaded for size
(Font)              <12> on input line 2.
LaTeX Font Info:    External font `cmex10' loaded for size
(Font)              <8> on input line 2.
LaTeX Font Info:    External font `cmex10' loaded for size
(Font)              <6> on input line 2.
 [1

{C:/Users/coope/AppData/Local/MiKTeX/fonts/map/pdftex/pdftex.map}])
\tf@toc=\write3
\openout3 = `Engine_Design_Document.toc'.

 [2]
<Colibri.jpg, id=11, 462.528pt x 431.211pt>
File: Colibri.jpg Graphic file (type jpg)
<use Colibri.jpg>
Package pdftex.def Info: Colibri.jpg  used on input line 28.
(pdftex.def)             Requested size: 199.16928pt x 185.68687pt.
<Kluft-photo-CSXT-2004-amateur-space-launch.jpg, id=12, 331.2375pt x 496.85625p
t>
File: Kluft-photo-CSXT-2004-amateur-space-launch.jpg Graphic file (type jpg)
<use Kluft-photo-CSXT-2004-amateur-space-launch.jpg>
Package pdftex.def Info: Kluft-photo-CSXT-2004-amateur-space-launch.jpg  used o
n input line 34.
(pdftex.def)             Requested size: 142.26378pt x 213.39383pt.
 [3 <./Colibri.jpg>] [4 <./Kluft-photo-CSXT-2004-amateur-space-launch.jpg>] [5]
<PumpVPressure.jpg, id=22, 829.9005pt x 477.58424pt>
File: PumpVPressure.jpg Graphic file (type jpg)
<use PumpVPressure.jpg>
Package pdftex.def Info: PumpVPressure.jpg  used on input line 66.
(pdftex.def)             Requested size: 426.79134pt x 245.61247pt.

Overfull \hbox (36.79134pt too wide) in paragraph at lines 66--67
 [][] 
 []

[6]
<Pc_V_Isp.png, id=27, 462.528pt x 346.896pt>
File: Pc_V_Isp.png Graphic file (type png)
<use Pc_V_Isp.png>
Package pdftex.def Info: Pc_V_Isp.png  used on input line 74.
(pdftex.def)             Requested size: 227.62204pt x 170.71628pt.


LaTeX Warning: Text page 7 contains only floats.

[7 <./PumpVPressure.jpg> <./Pc_V_Isp.png>]
<VehicleMass_V_Pc.png, id=34, 462.528pt x 346.896pt>
File: VehicleMass_V_Pc.png Graphic file (type png)
<use VehicleMass_V_Pc.png>
Package pdftex.def Info: VehicleMass_V_Pc.png  used on input line 82.
(pdftex.def)             Requested size: 227.62204pt x 170.71628pt.

Underfull \hbox (badness 2401) in paragraph at lines 83--83
[]\OT1/cmr/m/n/12 Figure 5: Sim-pli-fied Com-par-i-son of Ve-hi-cle Mass for Pr
essure-fed,
 []

<deltaV_Pressure_V_Pump.png, id=35, 462.528pt x 346.896pt>
File: deltaV_Pressure_V_Pump.png Graphic file (type png)
<use deltaV_Pressure_V_Pump.png>
Package pdftex.def Info: deltaV_Pressure_V_Pump.png  used on input line 88.
(pdftex.def)             Requested size: 227.62204pt x 170.71628pt.
[8 <./VehicleMass_V_Pc.png>] [9 <./deltaV_Pressure_V_Pump.png>]

LaTeX Warning: No positions in optional float specifier.
               Default added (so using `tbp') on input line 96.

<VehicleMass_V_Pc_Pump_Only.png, id=44, 462.528pt x 346.896pt>
File: VehicleMass_V_Pc_Pump_Only.png Graphic file (type png)
<use VehicleMass_V_Pc_Pump_Only.png>
Package pdftex.def Info: VehicleMass_V_Pc_Pump_Only.png  used on input line 98.

(pdftex.def)             Requested size: 227.62204pt x 170.71628pt.

LaTeX Warning: No positions in optional float specifier.
               Default added (so using `tbp') on input line 102.

<deltaV_V_Pc_Pump_Only.png, id=45, 462.528pt x 346.896pt>
File: deltaV_V_Pc_Pump_Only.png Graphic file (type png)
<use deltaV_V_Pc_Pump_Only.png>
Package pdftex.def Info: deltaV_V_Pc_Pump_Only.png  used on input line 104.
(pdftex.def)             Requested size: 227.62204pt x 170.71628pt.
[10 <./VehicleMass_V_Pc_Pump_Only.png>] [11 <./deltaV_V_Pc_Pump_Only.png>]

LaTeX Warning: No positions in optional float specifier.
               Default added (so using `tbp') on input line 114.

<Rutherford-Ignition3.jpg, id=54, 579.66562pt x 508.90125pt>
File: Rutherford-Ignition3.jpg Graphic file (type jpg)
<use Rutherford-Ignition3.jpg>
Package pdftex.def Info: Rutherford-Ignition3.jpg  used on input line 116.
(pdftex.def)             Requested size: 227.62204pt x 199.82959pt.

LaTeX Warning: No positions in optional float specifier.
               Default added (so using `tbp') on input line 120.

<AstraLaunch.jpg, id=55, 2055.68pt x 1370.11874pt>
File: AstraLaunch.jpg Graphic file (type jpg)
<use AstraLaunch.jpg>
Package pdftex.def Info: AstraLaunch.jpg  used on input line 122.
(pdftex.def)             Requested size: 284.52756pt x 189.62015pt.
<Pump_LOX_reddit.jpeg, id=56, 1708.3825pt x 1280.785pt>
File: Pump_LOX_reddit.jpeg Graphic file (type jpg)
<use Pump_LOX_reddit.jpeg>
Package pdftex.def Info: Pump_LOX_reddit.jpeg  used on input line 128.
(pdftex.def)             Requested size: 284.52756pt x 213.29427pt.
<ElectricPumpFedReddit.jpg, id=57, 2307.822pt x 603.4545pt>
File: ElectricPumpFedReddit.jpg Graphic file (type jpg)
<use ElectricPumpFedReddit.jpg>
Package pdftex.def Info: ElectricPumpFedReddit.jpg  used on input line 129.
(pdftex.def)             Requested size: 284.52756pt x 74.39111pt.
[12] [13 <./Rutherford-Ignition3.jpg> <./AstraLaunch.jpg>] [14 <./Pump_LOX_redd
it.jpeg> <./ElectricPumpFedReddit.jpg>]
Overfull \vbox (3.2667pt too high) has occurred while \output is active []


[15] [16]
Overfull \hbox (1.78899pt too wide) in paragraph at lines 209--210
\OT1/cmr/m/n/12 High al-ti-tude (kar-man line) rocket and high-speed/high-altit
ude hop-per based
 []

[17] [18] (Engine_Design_Document.aux)
 ***********
LaTeX2e <2023-11-01> patch level 1
L3 programming layer <2024-01-04>
 ***********
 ) 
Here is how much of TeX's memory you used:
 1904 strings out of 474485
 36887 string characters out of 5743734
 1937542 words of memory out of 5000000
 24207 multiletter control sequences out of 15000+600000
 563574 words of font info for 54 fonts, out of 8000000 for 9000
 1141 hyphenation exceptions out of 8191
 79i,6n,93p,2009b,232s stack positions out of 10000i,1000n,20000p,200000b,200000s
 <C:\Users\coope\AppData\Local\MiKTeX\fonts/pk/ljfour/jknappen/ec/dpi600\tcrm
1200.pk><C:/Users/coope/AppData/Local/Programs/MiKTeX/fonts/type1/public/amsfon
ts/cm/cmbx12.pfb><C:/Users/coope/AppData/Local/Programs/MiKTeX/fonts/type1/publ
ic/amsfonts/cm/cmr12.pfb><C:/Users/coope/AppData/Local/Programs/MiKTeX/fonts/ty
pe1/public/amsfonts/cm/cmr17.pfb>
Output written on Engine_Design_Document.pdf (18 pages, 1827648 bytes).
PDF statistics:
 98 PDF objects out of 1000 (max. 8388607)
 0 named destinations out of 1000 (max. 500000)
 61 words of extra memory for PDF output out of 10000 (max. 10000000)

